<?xml version="1.0" encoding="UTF-8"?>
<!-- Generated by org.testng.reporters.JUnitXMLReporter -->
<testsuite ignored="0" hostname="LAPTOP-7723JJSR" failures="0" tests="3" name="Default test" time="17.272" errors="0" timestamp="2025-03-21T12:40:57 IST">
  <testcase classname="Tests.login" name="testRegistration" time="2.345"/>
  <testcase classname="Tests.login" name="testLogin" time="1.8"/>
  <testcase classname="Tests.login" name="testProductSearch" time="2.597"/>
</testsuite> <!-- Default test -->
