<?xml version="1.0" encoding="UTF-8"?>
<!-- Generated by org.testng.reporters.JUnitXMLReporter -->
<testsuite ignored="0" hostname="LAPTOP-7723JJSR" failures="0" tests="3" name="Test" time="63.625" errors="0" timestamp="2025-03-20T19:36:27 IST">
  <testcase classname="Tests.login" name="testLogin" time="3.124"/>
  <testcase classname="Register.reg" name="testRegistration" time="5.187"/>
  <testcase classname="Product.testproduct" name="testProductSearch" time="2.938"/>
</testsuite> <!-- Test -->
