<?xml version="1.0" encoding="UTF-8"?>
<testng-results ignored="0" total="3" passed="3" failed="0" skipped="0">
  <reporter-output>
  </reporter-output>
  <suite started-at="2025-03-21T12:40:40 IST" name="Default suite" finished-at="2025-03-21T12:40:57 IST" duration-ms="17272">
    <groups>
    </groups>
    <test started-at="2025-03-21T12:40:40 IST" name="Default test" finished-at="2025-03-21T12:40:57 IST" duration-ms="17272">
      <class name="Tests.login">
        <test-method is-config="true" signature="setup()[pri:0, instance:Tests.login@75d3a5e0]" started-at="2025-03-21T12:40:40 IST" name="setup" finished-at="2025-03-21T12:40:46 IST" duration-ms="6287" status="PASS">
          <reporter-output>
          </reporter-output>
        </test-method> <!-- setup -->
        <test-method signature="testRegistration()[pri:0, instance:Tests.login@75d3a5e0]" started-at="2025-03-21T12:40:46 IST" name="testRegistration" finished-at="2025-03-21T12:40:48 IST" duration-ms="2345" status="PASS">
          <reporter-output>
          </reporter-output>
        </test-method> <!-- testRegistration -->
        <test-method signature="testLogin()[pri:1, instance:Tests.login@75d3a5e0]" started-at="2025-03-21T12:40:48 IST" name="testLogin" finished-at="2025-03-21T12:40:50 IST" duration-ms="1800" status="PASS">
          <reporter-output>
          </reporter-output>
        </test-method> <!-- testLogin -->
        <test-method signature="testProductSearch()[pri:2, instance:Tests.login@75d3a5e0]" started-at="2025-03-21T12:40:50 IST" name="testProductSearch" finished-at="2025-03-21T12:40:53 IST" duration-ms="2597" status="PASS">
          <reporter-output>
          </reporter-output>
        </test-method> <!-- testProductSearch -->
        <test-method is-config="true" signature="tearDown()[pri:0, instance:Tests.login@75d3a5e0]" started-at="2025-03-21T12:40:53 IST" name="tearDown" finished-at="2025-03-21T12:40:57 IST" duration-ms="4125" status="PASS">
          <reporter-output>
          </reporter-output>
        </test-method> <!-- tearDown -->
      </class> <!-- Tests.login -->
    </test> <!-- Default test -->
  </suite> <!-- Default suite -->
</testng-results>
